<?xml version="1.0" encoding="UTF-8"?>
<robot generator="Robot 7.3 (Python 3.10.16 on win32)" generated="2025-06-03T15:41:24.328345" rpa="false" schemaversion="5">
<suite id="s1" name="PokeAPITests" source="C:\Users\Administrador\Documents\INGENIERIA_EN_SOFTWARE\VERIFICACION_Y_VALIDACION_DEL_SOFTWARE\BORRADOR\CODIFICACION\RobotFramework\PokeAPITests.robot">
<kw name="Create Session" owner="RequestsLibrary" type="SETUP">
<msg time="2025-06-03T15:41:24.920600" level="INFO">Creating Session using : alias=pokeapi, url=https://pokeapi.co/api/v2, headers={},                     cookies={}, auth=None, timeout=None, proxies=None, verify=False,                     debug=0 </msg>
<arg>pokeapi</arg>
<arg>https://pokeapi.co/api/v2</arg>
<doc>Create Session: create a HTTP session to a server</doc>
<status status="PASS" start="2025-06-03T15:41:24.920600" elapsed="0.000000"/>
</kw>
<test id="s1-t1" name="Obtener Pokémon Válido – ID 1" line="19">
<kw name="GET On Session" owner="RequestsLibrary">
<msg time="2025-06-03T15:41:25.495527" level="INFO">GET Request : url=https://pokeapi.co/api/v2/pokemon/1 
 path_url=/api/v2/pokemon/1 
 headers={'User-Agent': 'python-requests/2.32.3', 'Accept-Encoding': 'gzip, deflate', 'Accept': '*/*', 'Connection': 'keep-alive'} 
 body=None 
 </msg>
<msg time="2025-06-03T15:41:25.495527" level="INFO">GET Response : url=https://pokeapi.co/api/v2/pokemon/1 
 status=200, reason=OK 
 headers={'Date': 'Tue, 03 Jun 2025 20:41:25 GMT', 'Content-Type': 'application/json; charset=utf-8', 'Content-Length': '6957', 'Connection': 'keep-alive', 'Access-Control-Allow-Origin': '*', 'Cache-Control': 'public, max-age=86400, s-maxage=86400', 'Content-Encoding': 'gzip', 'Etag': 'W/"3ef7e-dtH2kyIZxKG0mcap0bBKsRCixno"', 'Function-Execution-Id': '2l9id9pg82nw', 'Server': 'cloudflare', 'Strict-Transport-Security': 'max-age=31556926', 'X-Cloud-Trace-Context': 'fb2b18debe1912ab55f04286e8d6f256;o=1', 'X-Country-Code': 'US', 'X-Powered-By': 'Express', 'Accept-Ranges': 'bytes', 'X-Served-By': 'cache-mia-kmia1760066-MIA', 'X-Cache': 'MISS', 'X-Cache-Hits': '0', 'X-Timer': 'S1744193712.526396,VS0,VE292', 'Vary': 'Accept-Encoding,cookie,need-authorization, x-fh-requested-host, accept-encoding', 'Alt-Svc': 'h3=":443"; ma=86400', 'Age': '84178', 'Cf-Cache-Status': 'HIT', 'Nel': '{"report_to":"cf-nel","success_fraction":0.0,"max_age":604800}', 'Report-To': '{"group":"cf-nel","max_age":604800,"endpoints":[{"url":"https://a.nel.cloudflare.com/report/v4?s=rgBpHCbQbqHCjGeuo1aylI3lNKb809vls92zDujzFtmz495e%2BZs8qXxXBVdWrVW1L1vvXlz4kznd%2BZy6%2Boy5Qnt5HXiG9QM6T8Y%3D"}]}', 'CF-RAY': '94a202e03ef2a66e-MIA'} 
 body={"abilities":[{"ability":{"name":"overgrow","url":"https://pokeapi.co/api/v2/ability/65/"},"is_hidden":false,"slot":1},{"ability":{"name":"chlorophyll","url":"https://pokeapi.co/api/v2/ability/34/"},"is_hidden":true,"slot":3}],"base_experience":64,"cries":{"latest":"https://raw.githubusercontent.com/PokeAPI/cries/main/cries/pokemon/latest/1.ogg","legacy":"https://raw.githubusercontent.com/PokeAPI/cries/main/cries/pokemon/legacy/1.ogg"},"forms":[{"name":"bulbasaur","url":"https://pokeapi.co/api/v2/pokemon-form/1/"}],"game_indices":[{"game_index":153,"version":{"name":"red","url":"https://pokeapi.co/api/v2/version/1/"}},{"game_index":153,"version":{"name":"blue","url":"https://pokeapi.co/api/v2/version/2/"}},{"game_index":153,"version":{"name":"yellow","url":"https://pokeapi.co/api/v2/version/3/"}},{"game_index":1,"version":{"name":"gold","url":"https://pokeapi.co/api/v2/version/4/"}},{"game_index":1,"version":{"name":"silver","url":"https://pokeapi.co/api/v2/version/5/"}},{"game_index":1,"version":{"name":"crystal","url":"https://pokeapi.co/api/v2/version/6/"}},{"game_index":1,"version":{"name":"ruby","url":"https://pokeapi.co/api/v2/version/7/"}},{"game_index":1,"version":{"name":"sapphire","url":"https://pokeapi.co/api/v2/version/8/"}},{"game_index":1,"version":{"name":"emerald","url":"https://pokeapi.co/api/v2/version/9/"}},{"game_index":1,"version":{"name":"firered","url":"https://pokeapi.co/api/v2/version/10/"}},{"game_index":1,"version":{"name":"leafgreen","url":"https://pokeapi.co/api/v2/version/11/"}},{"game_index":1,"version":{"name":"diamond","url":"https://pokeapi.co/api/v2/version/12/"}},{"game_index":1,"version":{"name":"pearl","url":"https://pokeapi.co/api/v2/version/13/"}},{"game_index":1,"version":{"name":"platinum","url":"https://pokeapi.co/api/v2/version/14/"}},{"game_index":1,"version":{"name":"heartgold","url":"https://pokeapi.co/api/v2/version/15/"}},{"game_index":1,"version":{"name":"soulsilver","url":"https://pokeapi.co/api/v2/version/16/"}},{"game_index":1,"version":{"name":"black","url":"https://pokeapi.co/api/v2/version/17/"}},{"game_index":1,"version":{"name":"white","url":"https://pokeapi.co/api/v2/version/18/"}},{"game_index":1,"version":{"name":"black-2","url":"https://pokeapi.co/api/v2/version/21/"}},{"game_index":1,"version":{"name":"white-2","url":"https://pokeapi.co/api/v2/version/22/"}}],"height":7,"held_items":[],"id":1,"is_default":true,"location_area_encounters":"https://pokeapi.co/api/v2/pokemon/1/encounters","moves":[{"move":{"name":"razor-wind","url":"https://pokeapi.co/api/v2/move/13/"},"version_group_details":[{"level_learned_at":0,"move_learn_method":{"name":"egg","url":"https://pokeapi.co/api/v2/move-learn-method/2/"},"order":null,"version_group":{"name":"gold-silver","url":"https://pokeapi.co/api/v2/version-group/3/"}},{"level_learned_at":0,"move_learn_method":{"name":"egg","url":"https://pokeapi.co/api/v2/move-learn-method/2/"},"order":null,"version_group":{"name":"crystal","url":"https://pokeapi.co/api/v2/version-group/4/"}}]},{"move":{"name":"swords-dance","url":"https://pokeapi.co/api/v2/move/14/"},"version_group_details":[{"level_learned_at":0,"move_learn_method":{"name":"machine","url":"https://pokeapi.co/api/v2/move-learn-method/4/"},"order":null,"version_group":{"name":"red-blue","url":"https://pokeapi.co/api/v2/version-group/1/"}},{"level_learned_at":0,"move_learn_method":{"name":"machine","url":"https://pokeapi.co/api/v2/move-learn-method/4/"},"order":null,"version_group":{"name":"yellow","url":"https://pokeapi.co/api/v2/version-group/2/"}},{"level_learned_at":0,"move_learn_method":{"name":"tutor","url":"https://pokeapi.co/api/v2/move-learn-method/3/"},"order":null,"version_group":{"name":"emerald","url":"https://pokeapi.co/api/v2/version-group/6/"}},{"level_learned_at":0,"move_learn_method":{"name":"tutor","url":"https://pokeapi.co/api/v2/move-learn-method/3/"},"order":null,"version_group":{"name":"firered-leafgreen","url":"https://pokeapi.co/api/v2/version-group/7/"}},{"level_learned_at":0,"move_learn_method":{"name":"machine","url":"https://pokeapi.co/api/v2/move-learn-method/4/"},"order":null,"version_group":{"name":"diamond-pearl","url":"https://pokeapi.co/api/v2/version-group/8/"}},{"level_learned_at":0,"move_learn_method":{"name":"machine","url":"https://pokeapi.co/api/v2/move-learn-method/4/"},"order":null,"version_group":{"name":"platinum","url":"https://pokeapi.co/api/v2/version-group/9/"}},{"level_learned_at":0,"move_learn_method":{"name":"machine","url":"https://pokeapi.co/api/v2/move-learn-method/4/"},"order":null,"version_group":{"name":"heartgold-soulsilver","url":"https://pokeapi.co/api/v2/version-group/10/"}},{"level_learned_at":0,"move_learn_method":{"name":"machine","url":"https://pokeapi.co/api/v2/move-learn-method/4/"},"order":null,"version_group":{"name":"black-white","url":"https://pokeapi.co/api/v2/version-group/11/"}},{"level_learned_at":0,"move_learn_method":{"name":"machine","url":"https://pokeapi.co/api/v2/move-learn-method/4/"},"order":null,"version_group":{"name":"black-2-white-2","url":"https://pokeapi.co/api/v2/version-group/14/"}},{"level_learned_at":0,"move_learn_method":{"name":"machine","url":"https://pokeapi.co/api/v2/move-learn-method/4/"},"order":null,"version_group":{"name":"x-y","url":"https://pokeapi.co/api/v2/version-group/15/"}},{"level_learned_at":0,"move_learn_method":{"name":"machine","url":"https://pokeapi.co/api/v2/move-learn-method/4/"},"order":null,"version_group":{"name":"omega-ruby-alpha-sapphire","url":"https://pokeapi.co/api/v2/version-group/16/"}},{"level_learned_at":0,"move_learn_method":{"name":"machine","url":"https://pokeapi.co/api/v2/move-learn-method/4/"},"order":null,"version_group":{"name":"sun-moon","url":"https://pokeapi.co/api/v2/version-group/17/"}},{"level_learned_at":0,"move_learn_method":{"name":"machine","url":"https://pokeapi.co/api/v2/move-learn-method/4/"},"order":null,"version_group":{"name":"ultra-sun-ultra-moon","url":"https://pokeapi.co/api/v2/version-group/18/"}},{"level_learned_at":0,"move_learn_method":{"name":"machine","url":"https://pokeapi.co/api/v2/move-learn-method/4/"},"order":null,"version_group":{"name":"sword-shield","url":"https://pokeapi.co/api/v2/version-group/20/"}},{"level_learned_at":0,"move_learn_method":{"name":"machine","url":"https://pokeapi.co/api/v2/move-learn-method/4/"},"order":null,"version_group":{"name":"brilliant-diamond-and-shining-pearl","url":"https://pokeapi.co/api/v2/version-group/23/"}},{"level_learned_at":0,"move_learn_method":{"name":"machine","url":"https://pokeapi.co/api/v2/move-learn-method/4/"},"order":null,"version_group":{"name":"scarlet-violet","url":"https://pokeapi.co/api/v2/version-group/25/"}}]},{"move":{"name":"cut","url":"https://pokeapi.co/api/v2/move/15/"},"version_group_details":[{"level_learned_at":0,"move_learn_method":{"name":"machine","url":"https://pokeapi.co/api/v2/move-learn-method/4/"},"order":null,"version_group":{"name":"red-blue","url":"https://pokeapi.co/api/v2/version-group/1/"}},{"level_learned_at":0,"move_learn_method":{"name":"machine","url":"https://pokeapi.co/api/v2/move-learn-method/4/"},"order":null,"version_group":{"name":"yellow","url":"https://pokeapi.co/api/v2/version-group/2/"}},{"level_learned_at":0,"move_learn_method":{"name":"machine","url":"https://pokeapi.co/api/v2/move-learn-method/4/"},"order":null,"version_group":{"name":"gold-silver","url":"https://pokeapi.co/api/v2/version-group/3/"}},{"level_learned_at":0,"move_learn_method":{"name":"machine","url":"https://pokeapi.co/api/v2/move-learn-method/4/"},"order":null,"version_group":{"name":"crystal","url":"https://pokeapi.co/api/v2/version-group/4/"}},{"level_learned_at":0,"move_learn_method":{"name":"machine","url":"https://pokeapi.co/api/v2/move-learn-method/4/"},"order":null,"version_group":{"name":"ruby-sapphire","url":"https://pokeapi.co/api/v2/version-group/5/"}},{"level_learned_at":0,"move_learn_method":{"name":"machine","url":"https://pokeapi.co/api/v2/move-learn-method/4/"},"order":null,"version_group":{"name":"emerald","url":"https://pokeapi.co/api/v2/version-group/6/"}},{"level_learned_at":0,"move_learn_method":{"name":"machine","url":"https://pokeapi.co/api/v2/move-learn-method/4/"},"order":null,"version_group":{"name":"firered-leafgreen","url":"https://pokeapi.co/api/v2/version-group/7/"}},{"level_learned_at":0,"move_learn_method":{"name":"machine","url":"https://pokeapi.co/api/v2/move-learn-method/4/"},"order":null,"version_group":{"name":"diamond-pearl","url":"https://pokeapi.co/api/v2/version-group/8/"}},{"level_learned_at":0,"move_learn_method":{"name":"machine","url":"https://pokeapi.co/api/v2/move-learn-method/4/"},"order":null,"version_group":{"name":"platinum","url":"https://pokeapi.co/api/v2/version-group/9/"}},{"level_learned_at":0,"move_learn_method":{"name":"machine","url":"https://pokeapi.co/api/v2/move-learn-method/4/"},"order":null,"version_group":{"name":"heartgold-soulsilver","url":"https://pokeapi.co/api/v2/version-group/10/"}},{"level_learned_at":0,"move_learn_method":{"name":"machine","url":"https://pokeapi.co/api/v2/move-learn-method/4/"},"order":null,"version_group":{"name":"black-white","url":"https://pokeapi.co/api/v2/version-group/11/"}},{"level_learned_at":0,"move_learn_method":{"name":"machine","url":"https://pokeapi.co/api/v2/move-learn-method/4/"},"order":null,"version_group":{"name":"colosseum","url":"https://pokeapi.co/api/v2/version-group/12/"}},{"level_learned_at":0,"move_learn_method":{"name":"machine","url":"https://pokeapi.co/api/v2/move-learn-method/4/"},"order":null,"version_group":{"name":"xd","url":"https://pokeapi.co/api/v2/version-group/13/"}},{"level_learned_at":0,"move_learn_method":{"name":"machine","url":"https://pokeapi.co/api/v2/move-learn-method/4/"},"order":null,"version_group":{"name":"black-2-white-2","url":"https://pokeapi.co/api/v2/version-group/14/"}},{"level_learned_at":0,"move_learn_method":{"name":"machine","url":"https://pokeapi.co/api/v2/move-learn-method/4/"},"order":null,... (set the log level to DEBUG or TRACE to see the full content) 
 </msg>
<msg time="2025-06-03T15:41:25.495527" level="INFO">C:\ProgramData\anaconda3\envs\vyv_robotframework\lib\site-packages\urllib3\connectionpool.py:1097: InsecureRequestWarning: Unverified HTTPS request is being made to host 'pokeapi.co'. Adding certificate verification is strongly advised. See: https://urllib3.readthedocs.io/en/latest/advanced-usage.html#tls-warnings
  warnings.warn(</msg>
<msg time="2025-06-03T15:41:25.497266" level="INFO">${response} = &lt;Response [200]&gt;</msg>
<var>${response}</var>
<arg>pokeapi</arg>
<arg>/pokemon/${VALID_POKEMON_ID_1}</arg>
<doc>Sends a GET request on a previously created HTTP Session.</doc>
<status status="PASS" start="2025-06-03T15:41:24.920600" elapsed="0.576666"/>
</kw>
<kw name="Should Be Equal As Integers" owner="BuiltIn">
<msg time="2025-06-03T15:41:25.497266" level="INFO">Argument types are:
&lt;class 'int'&gt;
&lt;class 'str'&gt;</msg>
<arg>${response.status_code}</arg>
<arg>200</arg>
<doc>Fails if objects are unequal after converting them to integers.</doc>
<status status="PASS" start="2025-06-03T15:41:25.497266" elapsed="0.000000"/>
</kw>
<kw name="Convert String To Json" owner="JSONLibrary">
<msg time="2025-06-03T15:41:25.529192" level="INFO">${json} = {'abilities': [{'ability': {'name': 'overgrow', 'url': 'https://pokeapi.co/api/v2/ability/65/'}, 'is_hidden': False, 'slot': 1}, {'ability': {'name': 'chlorophyll', 'url': 'https://pokeapi.co/api/v2/a...</msg>
<var>${json}</var>
<arg>${response.text}</arg>
<doc>Convert String to JSON object</doc>
<status status="PASS" start="2025-06-03T15:41:25.497266" elapsed="0.031926"/>
</kw>
<kw name="Dictionary Should Contain Key" owner="Collections">
<arg>${json}</arg>
<arg>name</arg>
<doc>Fails if ``key`` is not found from ``dictionary``.</doc>
<status status="PASS" start="2025-06-03T15:41:25.529192" elapsed="0.000000"/>
</kw>
<kw name="Should Be Equal" owner="BuiltIn">
<arg>${json['name']}</arg>
<arg>${EXPECTED_NAME_1}</arg>
<doc>Fails if the given objects are unequal.</doc>
<status status="PASS" start="2025-06-03T15:41:25.529192" elapsed="0.009920"/>
</kw>
<kw name="Set Variable" owner="BuiltIn">
<msg time="2025-06-03T15:41:25.540852" level="INFO">${first_type} = grass</msg>
<var>${first_type}</var>
<arg>${json['types'][0]['type']['name']}</arg>
<doc>Returns the given values which can then be assigned to a variables.</doc>
<status status="PASS" start="2025-06-03T15:41:25.540852" elapsed="0.000000"/>
</kw>
<kw name="Should Be Equal" owner="BuiltIn">
<arg>${first_type}</arg>
<arg>${EXPECTED_TYPE_1}</arg>
<doc>Fails if the given objects are unequal.</doc>
<status status="PASS" start="2025-06-03T15:41:25.540852" elapsed="0.000000"/>
</kw>
<doc>Solicita el Pokémon existente (Bulbasaur) y valida campos clave.</doc>
<status status="PASS" start="2025-06-03T15:41:24.920600" elapsed="0.620252"/>
</test>
<test id="s1-t2" name="Obtener Pokémon Válido – ID 4" line="31">
<kw name="GET On Session" owner="RequestsLibrary">
<msg time="2025-06-03T15:41:25.655673" level="INFO">GET Request : url=https://pokeapi.co/api/v2/pokemon/4 
 path_url=/api/v2/pokemon/4 
 headers={'User-Agent': 'python-requests/2.32.3', 'Accept-Encoding': 'gzip, deflate', 'Accept': '*/*', 'Connection': 'keep-alive'} 
 body=None 
 </msg>
<msg time="2025-06-03T15:41:25.655673" level="INFO">GET Response : url=https://pokeapi.co/api/v2/pokemon/4 
 status=200, reason=OK 
 headers={'Date': 'Tue, 03 Jun 2025 20:41:25 GMT', 'Content-Type': 'application/json; charset=utf-8', 'Content-Length': '7322', 'Connection': 'keep-alive', 'Access-Control-Allow-Origin': '*', 'Cache-Control': 'public, max-age=86400, s-maxage=86400', 'Content-Encoding': 'gzip', 'Etag': 'W/"45858-qSHVrHh8n2zdTSQSSl1RD7uT17s"', 'Function-Execution-Id': '70xj5g075qr3', 'Server': 'cloudflare', 'Strict-Transport-Security': 'max-age=31556926', 'X-Cloud-Trace-Context': '11903e92ad3dba1c4b80701f3770083b;o=1', 'X-Country-Code': 'CR', 'X-Orig-Accept-Language': 'es-ES,es;q=0.9,pt;q=0.8', 'X-Powered-By': 'Express', 'Accept-Ranges': 'bytes', 'X-Served-By': 'cache-mia-kmia1760095-MIA', 'X-Cache': 'HIT', 'X-Cache-Hits': '0', 'X-Timer': 'S1748537215.895644,VS0,VE4', 'Vary': 'Accept-Encoding,cookie,need-authorization, x-fh-requested-host, accept-encoding', 'Alt-Svc': 'h3=":443"; ma=86400', 'Age': '86390', 'Cf-Cache-Status': 'HIT', 'Nel': '{"report_to":"cf-nel","success_fraction":0.0,"max_age":604800}', 'Report-To': '{"group":"cf-nel","max_age":604800,"endpoints":[{"url":"https://a.nel.cloudflare.com/report/v4?s=qbjO2GJkRdSW87FT8MDSoBkMJqYzFpF2JFmlM5ixbRh1LcCmEz3LZK6%2BdWWNQa3oJggRkZy%2BD8up4yu7VrKSrU6HtlLuWYzrSCw%3D"}]}', 'CF-RAY': '94a202e13848a66e-MIA'} 
 body={"abilities":[{"ability":{"name":"blaze","url":"https://pokeapi.co/api/v2/ability/66/"},"is_hidden":false,"slot":1},{"ability":{"name":"solar-power","url":"https://pokeapi.co/api/v2/ability/94/"},"is_hidden":true,"slot":3}],"base_experience":62,"cries":{"latest":"https://raw.githubusercontent.com/PokeAPI/cries/main/cries/pokemon/latest/4.ogg","legacy":"https://raw.githubusercontent.com/PokeAPI/cries/main/cries/pokemon/legacy/4.ogg"},"forms":[{"name":"charmander","url":"https://pokeapi.co/api/v2/pokemon-form/4/"}],"game_indices":[{"game_index":176,"version":{"name":"red","url":"https://pokeapi.co/api/v2/version/1/"}},{"game_index":176,"version":{"name":"blue","url":"https://pokeapi.co/api/v2/version/2/"}},{"game_index":176,"version":{"name":"yellow","url":"https://pokeapi.co/api/v2/version/3/"}},{"game_index":4,"version":{"name":"gold","url":"https://pokeapi.co/api/v2/version/4/"}},{"game_index":4,"version":{"name":"silver","url":"https://pokeapi.co/api/v2/version/5/"}},{"game_index":4,"version":{"name":"crystal","url":"https://pokeapi.co/api/v2/version/6/"}},{"game_index":4,"version":{"name":"ruby","url":"https://pokeapi.co/api/v2/version/7/"}},{"game_index":4,"version":{"name":"sapphire","url":"https://pokeapi.co/api/v2/version/8/"}},{"game_index":4,"version":{"name":"emerald","url":"https://pokeapi.co/api/v2/version/9/"}},{"game_index":4,"version":{"name":"firered","url":"https://pokeapi.co/api/v2/version/10/"}},{"game_index":4,"version":{"name":"leafgreen","url":"https://pokeapi.co/api/v2/version/11/"}},{"game_index":4,"version":{"name":"diamond","url":"https://pokeapi.co/api/v2/version/12/"}},{"game_index":4,"version":{"name":"pearl","url":"https://pokeapi.co/api/v2/version/13/"}},{"game_index":4,"version":{"name":"platinum","url":"https://pokeapi.co/api/v2/version/14/"}},{"game_index":4,"version":{"name":"heartgold","url":"https://pokeapi.co/api/v2/version/15/"}},{"game_index":4,"version":{"name":"soulsilver","url":"https://pokeapi.co/api/v2/version/16/"}},{"game_index":4,"version":{"name":"black","url":"https://pokeapi.co/api/v2/version/17/"}},{"game_index":4,"version":{"name":"white","url":"https://pokeapi.co/api/v2/version/18/"}},{"game_index":4,"version":{"name":"black-2","url":"https://pokeapi.co/api/v2/version/21/"}},{"game_index":4,"version":{"name":"white-2","url":"https://pokeapi.co/api/v2/version/22/"}}],"height":6,"held_items":[],"id":4,"is_default":true,"location_area_encounters":"https://pokeapi.co/api/v2/pokemon/4/encounters","moves":[{"move":{"name":"mega-punch","url":"https://pokeapi.co/api/v2/move/5/"},"version_group_details":[{"level_learned_at":0,"move_learn_method":{"name":"machine","url":"https://pokeapi.co/api/v2/move-learn-method/4/"},"order":null,"version_group":{"name":"red-blue","url":"https://pokeapi.co/api/v2/version-group/1/"}},{"level_learned_at":0,"move_learn_method":{"name":"machine","url":"https://pokeapi.co/api/v2/move-learn-method/4/"},"order":null,"version_group":{"name":"yellow","url":"https://pokeapi.co/api/v2/version-group/2/"}},{"level_learned_at":0,"move_learn_method":{"name":"tutor","url":"https://pokeapi.co/api/v2/move-learn-method/3/"},"order":null,"version_group":{"name":"emerald","url":"https://pokeapi.co/api/v2/version-group/6/"}},{"level_learned_at":0,"move_learn_method":{"name":"tutor","url":"https://pokeapi.co/api/v2/move-learn-method/3/"},"order":null,"version_group":{"name":"firered-leafgreen","url":"https://pokeapi.co/api/v2/version-group/7/"}},{"level_learned_at":0,"move_learn_method":{"name":"machine","url":"https://pokeapi.co/api/v2/move-learn-method/4/"},"order":null,"version_group":{"name":"sword-shield","url":"https://pokeapi.co/api/v2/version-group/20/"}}]},{"move":{"name":"fire-punch","url":"https://pokeapi.co/api/v2/move/7/"},"version_group_details":[{"level_learned_at":0,"move_learn_method":{"name":"machine","url":"https://pokeapi.co/api/v2/move-learn-method/4/"},"order":null,"version_group":{"name":"gold-silver","url":"https://pokeapi.co/api/v2/version-group/3/"}},{"level_learned_at":0,"move_learn_method":{"name":"machine","url":"https://pokeapi.co/api/v2/move-learn-method/4/"},"order":null,"version_group":{"name":"crystal","url":"https://pokeapi.co/api/v2/version-group/4/"}},{"level_learned_at":0,"move_learn_method":{"name":"tutor","url":"https://pokeapi.co/api/v2/move-learn-method/3/"},"order":null,"version_group":{"name":"emerald","url":"https://pokeapi.co/api/v2/version-group/6/"}},{"level_learned_at":0,"move_learn_method":{"name":"tutor","url":"https://pokeapi.co/api/v2/move-learn-method/3/"},"order":null,"version_group":{"name":"platinum","url":"https://pokeapi.co/api/v2/version-group/9/"}},{"level_learned_at":0,"move_learn_method":{"name":"tutor","url":"https://pokeapi.co/api/v2/move-learn-method/3/"},"order":null,"version_group":{"name":"heartgold-soulsilver","url":"https://pokeapi.co/api/v2/version-group/10/"}},{"level_learned_at":0,"move_learn_method":{"name":"tutor","url":"https://pokeapi.co/api/v2/move-learn-method/3/"},"order":null,"version_group":{"name":"black-2-white-2","url":"https://pokeapi.co/api/v2/version-group/14/"}},{"level_learned_at":0,"move_learn_method":{"name":"tutor","url":"https://pokeapi.co/api/v2/move-learn-method/3/"},"order":null,"version_group":{"name":"omega-ruby-alpha-sapphire","url":"https://pokeapi.co/api/v2/version-group/16/"}},{"level_learned_at":0,"move_learn_method":{"name":"tutor","url":"https://pokeapi.co/api/v2/move-learn-method/3/"},"order":null,"version_group":{"name":"ultra-sun-ultra-moon","url":"https://pokeapi.co/api/v2/version-group/18/"}},{"level_learned_at":0,"move_learn_method":{"name":"machine","url":"https://pokeapi.co/api/v2/move-learn-method/4/"},"order":null,"version_group":{"name":"lets-go-pikachu-lets-go-eevee","url":"https://pokeapi.co/api/v2/version-group/19/"}},{"level_learned_at":0,"move_learn_method":{"name":"machine","url":"https://pokeapi.co/api/v2/move-learn-method/4/"},"order":null,"version_group":{"name":"sword-shield","url":"https://pokeapi.co/api/v2/version-group/20/"}},{"level_learned_at":0,"move_learn_method":{"name":"machine","url":"https://pokeapi.co/api/v2/move-learn-method/4/"},"order":null,"version_group":{"name":"scarlet-violet","url":"https://pokeapi.co/api/v2/version-group/25/"}}]},{"move":{"name":"thunder-punch","url":"https://pokeapi.co/api/v2/move/9/"},"version_group_details":[{"level_learned_at":0,"move_learn_method":{"name":"tutor","url":"https://pokeapi.co/api/v2/move-learn-method/3/"},"order":null,"version_group":{"name":"platinum","url":"https://pokeapi.co/api/v2/version-group/9/"}},{"level_learned_at":0,"move_learn_method":{"name":"tutor","url":"https://pokeapi.co/api/v2/move-learn-method/3/"},"order":null,"version_group":{"name":"heartgold-soulsilver","url":"https://pokeapi.co/api/v2/version-group/10/"}},{"level_learned_at":0,"move_learn_method":{"name":"tutor","url":"https://pokeapi.co/api/v2/move-learn-method/3/"},"order":null,"version_group":{"name":"black-2-white-2","url":"https://pokeapi.co/api/v2/version-group/14/"}},{"level_learned_at":0,"move_learn_method":{"name":"tutor","url":"https://pokeapi.co/api/v2/move-learn-method/3/"},"order":null,"version_group":{"name":"omega-ruby-alpha-sapphire","url":"https://pokeapi.co/api/v2/version-group/16/"}},{"level_learned_at":0,"move_learn_method":{"name":"tutor","url":"https://pokeapi.co/api/v2/move-learn-method/3/"},"order":null,"version_group":{"name":"ultra-sun-ultra-moon","url":"https://pokeapi.co/api/v2/version-group/18/"}},{"level_learned_at":0,"move_learn_method":{"name":"machine","url":"https://pokeapi.co/api/v2/move-learn-method/4/"},"order":null,"version_group":{"name":"lets-go-pikachu-lets-go-eevee","url":"https://pokeapi.co/api/v2/version-group/19/"}},{"level_learned_at":0,"move_learn_method":{"name":"machine","url":"https://pokeapi.co/api/v2/move-learn-method/4/"},"order":null,"version_group":{"name":"sword-shield","url":"https://pokeapi.co/api/v2/version-group/20/"}},{"level_learned_at":0,"move_learn_method":{"name":"machine","url":"https://pokeapi.co/api/v2/move-learn-method/4/"},"order":null,"version_group":{"name":"scarlet-violet","url":"https://pokeapi.co/api/v2/version-group/25/"}}]},{"move":{"name":"scratch","url":"https://pokeapi.co/api/v2/move/10/"},"version_group_details":[{"level_learned_at":1,"move_learn_method":{"name":"level-up","url":"https://pokeapi.co/api/v2/move-learn-method/1/"},"order":1,"version_group":{"name":"red-blue","url":"https://pokeapi.co/api/v2/version-group/1/"}},{"level_learned_at":1,"move_learn_method":{"name":"level-up","url":"https://pokeapi.co/api/v2/move-learn-method/1/"},"order":1,"version_group":{"name":"yellow","url":"https://pokeapi.co/api/v2/version-group/2/"}},{"level_learned_at":1,"move_learn_method":{"name":"level-up","url":"https://pokeapi.co/api/v2/move-learn-method/1/"},"order":1,"version_group":{"name":"gold-silver","url":"https://pokeapi.co/api/v2/version-group/3/"}},{"level_learned_at":1,"move_learn_method":{"name":"level-up","url":"https://pokeapi.co/api/v2/move-learn-method/1/"},"order":1,"version_group":{"name":"crystal","url":"https://pokeapi.co/api/v2/version-group/4/"}},{"level_learned_at":1,"move_learn_method":{"name":"level-up","url":"https://pokeapi.co/api/v2/move-learn-method/1/"},"order":1,"version_group":{"name":"ruby-sapphire","url":"https://pokeapi.co/api/v2/version-group/5/"}},{"level_learned_at":1,"move_learn_method":{"name":"level-up","url":"https://pokeapi.co/api/v2/move-learn-method/1/"},"order":1,"version_group":{"name":"emerald","url":"https://pokeapi.co/api/v2/version-group/6/"}},{"level_learned_at":1,"move_learn_method":{"name":"level-up","url":"https://pokeapi.co/api/v2/move-learn-method/1/"},"order":1,"version_group":{"name":"firered-leafgreen","url":"https://pokeapi.co/api/v2/version-group/7/"}},{"level_learned_at":1,"move_learn_method":{"name":"level-up","url":"https://pokeapi.co/api/v2/move-learn-method/1/"},"order":1,"version_group":{"name":"diamond-pearl","url":"https://pokeapi.co/api/v2/version-group/8/"}},{"l... (set the log level to DEBUG or TRACE to see the full content) 
 </msg>
<msg time="2025-06-03T15:41:25.659136" level="INFO">C:\ProgramData\anaconda3\envs\vyv_robotframework\lib\site-packages\urllib3\connectionpool.py:1097: InsecureRequestWarning: Unverified HTTPS request is being made to host 'pokeapi.co'. Adding certificate verification is strongly advised. See: https://urllib3.readthedocs.io/en/latest/advanced-usage.html#tls-warnings
  warnings.warn(</msg>
<msg time="2025-06-03T15:41:25.659136" level="INFO">${response} = &lt;Response [200]&gt;</msg>
<var>${response}</var>
<arg>pokeapi</arg>
<arg>/pokemon/${VALID_POKEMON_ID_2}</arg>
<doc>Sends a GET request on a previously created HTTP Session.</doc>
<status status="PASS" start="2025-06-03T15:41:25.545035" elapsed="0.114101"/>
</kw>
<kw name="Should Be Equal As Integers" owner="BuiltIn">
<msg time="2025-06-03T15:41:25.659136" level="INFO">Argument types are:
&lt;class 'int'&gt;
&lt;class 'str'&gt;</msg>
<arg>${response.status_code}</arg>
<arg>200</arg>
<doc>Fails if objects are unequal after converting them to integers.</doc>
<status status="PASS" start="2025-06-03T15:41:25.659136" elapsed="0.000000"/>
</kw>
<kw name="Convert String To Json" owner="JSONLibrary">
<msg time="2025-06-03T15:41:25.671418" level="INFO">${json} = {'abilities': [{'ability': {'name': 'blaze', 'url': 'https://pokeapi.co/api/v2/ability/66/'}, 'is_hidden': False, 'slot': 1}, {'ability': {'name': 'solar-power', 'url': 'https://pokeapi.co/api/v2/abil...</msg>
<var>${json}</var>
<arg>${response.text}</arg>
<doc>Convert String to JSON object</doc>
<status status="PASS" start="2025-06-03T15:41:25.659136" elapsed="0.012282"/>
</kw>
<kw name="Dictionary Should Contain Key" owner="Collections">
<arg>${json}</arg>
<arg>name</arg>
<doc>Fails if ``key`` is not found from ``dictionary``.</doc>
<status status="PASS" start="2025-06-03T15:41:25.671418" elapsed="0.000000"/>
</kw>
<kw name="Should Be Equal" owner="BuiltIn">
<arg>${json['name']}</arg>
<arg>${EXPECTED_NAME_2}</arg>
<doc>Fails if the given objects are unequal.</doc>
<status status="PASS" start="2025-06-03T15:41:25.671418" elapsed="0.000000"/>
</kw>
<kw name="Set Variable" owner="BuiltIn">
<msg time="2025-06-03T15:41:25.671418" level="INFO">${first_type} = fire</msg>
<var>${first_type}</var>
<arg>${json['types'][0]['type']['name']}</arg>
<doc>Returns the given values which can then be assigned to a variables.</doc>
<status status="PASS" start="2025-06-03T15:41:25.671418" elapsed="0.000000"/>
</kw>
<kw name="Should Be Equal" owner="BuiltIn">
<arg>${first_type}</arg>
<arg>${EXPECTED_TYPE_2}</arg>
<doc>Fails if the given objects are unequal.</doc>
<status status="PASS" start="2025-06-03T15:41:25.671418" elapsed="0.000000"/>
</kw>
<doc>Solicita el Pokémon existente (Charmander) y valida campos clave.</doc>
<status status="PASS" start="2025-06-03T15:41:25.540852" elapsed="0.130566"/>
</test>
<kw name="Delete All Sessions" owner="RequestsLibrary" type="TEARDOWN">
<msg time="2025-06-03T15:41:25.671418" level="INFO">Deleting All Sessions</msg>
<doc>Removes all the session objects</doc>
<status status="PASS" start="2025-06-03T15:41:25.671418" elapsed="0.000000"/>
</kw>
<status status="PASS" start="2025-06-03T15:41:24.328345" elapsed="1.343073"/>
</suite>
<statistics>
<total>
<stat pass="2" fail="0" skip="0">All Tests</stat>
</total>
<tag>
</tag>
<suite>
<stat name="PokeAPITests" id="s1" pass="2" fail="0" skip="0">PokeAPITests</stat>
</suite>
</statistics>
<errors>
</errors>
</robot>
